<?xml version="1.0" encoding="UTF-8"?>
<!-- Generated by org.testng.reporters.JUnitReportReporter -->
<testsuite hostname="VE16122021-D63" failures="0" tests="4" name="TestngTutorial.parameterss" time="60.081" errors="0" timestamp="2024-03-29T20:19:52 IST" skipped="0">
  <testcase classname="TestngTutorial.parameterss" name="testLogin" time="25.206"/>
  <system-out/>
  <testcase classname="TestngTutorial.parameterss" name="testLogin" time="14.520"/>
  <system-out/>
  <testcase classname="TestngTutorial.parameterss" name="testLogin" time="10.286"/>
  <system-out/>
  <testcase classname="TestngTutorial.parameterss" name="testLogin" time="10.069"/>
  <system-out/>
</testsuite> <!-- TestngTutorial.parameterss -->
