<?xml version="1.0" encoding="UTF-8"?>
<!-- Generated by org.testng.reporters.JUnitReportReporter -->
<testsuite hostname="VE16122021-D63" failures="0" tests="1" name="TestngTutorial.RightClick" time="18.002" errors="0" timestamp="2024-04-18T19:56:25 IST" skipped="0">
  <testcase classname="TestngTutorial.RightClick" name="testingDigCode" time="18.002"/>
</testsuite> <!-- TestngTutorial.RightClick -->
