<?xml version="1.0" encoding="UTF-8"?>
<!-- Generated by org.testng.reporters.JUnitReportReporter -->
<testsuite hostname="VE16122021-D63" failures="0" tests="1" name="TestngTutorial.resCode" time="24.676" errors="0" timestamp="2024-03-29T20:19:52 IST" skipped="0">
  <testcase classname="TestngTutorial.resCode" name="responseCode" time="24.676"/>
  <system-out/>
</testsuite> <!-- TestngTutorial.resCode -->
