<?xml version="1.0" encoding="UTF-8"?>
<!-- Generated by org.testng.reporters.JUnitReportReporter -->
<testsuite hostname="VE16122021-D63" failures="0" tests="1" name="TestngTutorial.DigitEctive" time="15.793" errors="0" timestamp="2024-04-18T17:50:30 IST" skipped="0">
  <testcase classname="TestngTutorial.DigitEctive" name="testingDigCode" time="15.793"/>
</testsuite> <!-- TestngTutorial.DigitEctive -->
