<?xml version="1.0" encoding="UTF-8"?>
<!-- Generated by org.testng.reporters.JUnitReportReporter -->
<testsuite hostname="VE16122021-D63" failures="0" tests="1" name="TestngTutorial.Preparation" time="15.611" errors="0" timestamp="2023-11-30T17:17:04 IST" skipped="0">
  <testcase classname="TestngTutorial.Preparation" name="learning" time="15.611"/>
  <system-out/>
</testsuite> <!-- TestngTutorial.Preparation -->
