<?xml version="1.0" encoding="UTF-8"?>
<!-- Generated by org.testng.reporters.JUnitReportReporter -->
<testsuite hostname="VE16122021-D63" failures="0" tests="2" name="TestngTutorial.FirstTestngprogram" time="0.144" errors="0" timestamp="2024-03-23T12:42:09 IST" skipped="0">
  <testcase classname="TestngTutorial.FirstTestngprogram" name="findingElement" time="0.135"/>
  <system-out/>
  <testcase classname="TestngTutorial.FirstTestngprogram" name="redirectionTest" time="0.009"/>
  <system-out/>
</testsuite> <!-- TestngTutorial.FirstTestngprogram -->
