<?xml version="1.0" encoding="UTF-8"?>
<!-- Generated by org.testng.reporters.JUnitReportReporter -->
<testsuite hostname="VE16122021-D63" failures="0" tests="1" name="TestngTutorial.AmazonTest" time="14.597" errors="0" timestamp="2024-04-16T18:54:30 IST" skipped="0">
  <testcase classname="TestngTutorial.AmazonTest" name="amazonTesting" time="14.597"/>
</testsuite> <!-- TestngTutorial.AmazonTest -->
